INFO:indexer.inverted_index:Initialized shard 0 with max_memory_size=100
INFO:indexer.inverted_index:Initialized shard 1 with max_memory_size=100
INFO:indexer.inverted_index:Initialized shard 2 with max_memory_size=100
INFO:indexer.inverted_index:Initialized shard 3 with max_memory_size=100
INFO:indexer.inverted_index:Initialized shard 4 with max_memory_size=100
INFO:indexer.inverted_index:Initialized shard 5 with max_memory_size=100
INFO:indexer.inverted_index:Initialized shard 6 with max_memory_size=100
INFO:indexer.inverted_index:Initialized shard 7 with max_memory_size=100
INFO:indexer.inverted_index:Initialized shard 8 with max_memory_size=100
INFO:indexer.inverted_index:Initialized shard 9 with max_memory_size=100
INFO:indexer.inverted_index:Initialized shard 10 with max_memory_size=100
INFO:indexer.inverted_index:Initialized shard 11 with max_memory_size=100
INFO:indexer.inverted_index:Initialized shard 12 with max_memory_size=100
INFO:indexer.inverted_index:Initialized shard 13 with max_memory_size=100
INFO:indexer.inverted_index:Initialized shard 14 with max_memory_size=100
INFO:indexer.inverted_index:Initialized shard 15 with max_memory_size=100
INFO:indexer.inverted_index:Initialized shard 16 with max_memory_size=100
INFO:indexer.inverted_index:Initialized shard 17 with max_memory_size=100
INFO:indexer.inverted_index:Initialized shard 18 with max_memory_size=100
INFO:indexer.inverted_index:Initialized shard 19 with max_memory_size=100
INFO:indexer.inverted_index:Initialized shard 20 with max_memory_size=100
INFO:indexer.inverted_index:Initialized shard 21 with max_memory_size=100
INFO:indexer.inverted_index:Initialized shard 22 with max_memory_size=100
INFO:indexer.inverted_index:Initialized shard 23 with max_memory_size=100
INFO:indexer.inverted_index:Initialized shard 24 with max_memory_size=100
INFO:indexer.inverted_index:Initialized shard 25 with max_memory_size=100
INFO:indexer.inverted_index:Initialized shard 26 with max_memory_size=100
INFO:indexer.inverted_index:Initialized shard 27 with max_memory_size=100
INFO:indexer.inverted_index:Initialized shard 28 with max_memory_size=100
INFO:indexer.inverted_index:Initialized shard 29 with max_memory_size=100
INFO:indexer.inverted_index:Initialized shard 30 with max_memory_size=100
INFO:indexer.inverted_index:Initialized shard 31 with max_memory_size=100
INFO:indexer.inverted_index:Initialized shard 32 with max_memory_size=100
INFO:indexer.inverted_index:Initialized shard 33 with max_memory_size=100
INFO:indexer.inverted_index:Initialized shard 34 with max_memory_size=100
INFO:indexer.inverted_index:Initialized shard 35 with max_memory_size=100
INFO:indexer.inverted_index:Initialized shard 36 with max_memory_size=100
INFO:indexer.inverted_index:Initialized shard 37 with max_memory_size=100
INFO:indexer.inverted_index:Initialized shard 38 with max_memory_size=100
INFO:indexer.inverted_index:Initialized shard 39 with max_memory_size=100
INFO:indexer.inverted_index:Initialized shard 40 with max_memory_size=100
INFO:indexer.inverted_index:Initialized shard 41 with max_memory_size=100
INFO:indexer.inverted_index:Initialized shard 42 with max_memory_size=100
INFO:indexer.inverted_index:Initialized shard 43 with max_memory_size=100
INFO:indexer.inverted_index:Initialized shard 44 with max_memory_size=100
INFO:indexer.inverted_index:Initialized shard 45 with max_memory_size=100
INFO:indexer.inverted_index:Initialized shard 46 with max_memory_size=100
INFO:indexer.inverted_index:Initialized shard 47 with max_memory_size=100
INFO:indexer.inverted_index:Initialized shard 48 with max_memory_size=100
INFO:indexer.inverted_index:Initialized shard 49 with max_memory_size=100
INFO:indexer.inverted_index:Initialized shard 50 with max_memory_size=100
INFO:indexer.inverted_index:Initialized shard 51 with max_memory_size=100
INFO:indexer.inverted_index:Initialized shard 52 with max_memory_size=100
INFO:indexer.inverted_index:Initialized shard 53 with max_memory_size=100
INFO:indexer.inverted_index:Initialized shard 54 with max_memory_size=100
INFO:indexer.inverted_index:Initialized shard 55 with max_memory_size=100
INFO:indexer.inverted_index:Initialized shard 56 with max_memory_size=100
INFO:indexer.inverted_index:Initialized shard 57 with max_memory_size=100
INFO:indexer.inverted_index:Initialized shard 58 with max_memory_size=100
INFO:indexer.inverted_index:Initialized shard 59 with max_memory_size=100
INFO:indexer.inverted_index:Initialized shard 60 with max_memory_size=100
INFO:indexer.inverted_index:Initialized shard 61 with max_memory_size=100
INFO:indexer.inverted_index:Initialized shard 62 with max_memory_size=100
INFO:indexer.inverted_index:Initialized shard 63 with max_memory_size=100
Building prefix dict from the default dictionary ...
DEBUG:jieba:Building prefix dict from the default dictionary ...
Loading model from cache /tmp/jieba.cache
DEBUG:jieba:Loading model from cache /tmp/jieba.cache
Loading model cost 0.799 seconds.
DEBUG:jieba:Loading model cost 0.799 seconds.
Prefix dict has been built successfully.
DEBUG:jieba:Prefix dict has been built successfully.
INFO:search_engine:Loaded 2286 documents, avg length: 3752.952755905512
INFO:search_engine:Search engine initialized with 64 shards
INFO:api_server:Search engine initialized successfully
INFO:api_server:Starting API server on 0.0.0.0:5000
 * Serving Flask app 'api_server'
 * Debug mode: off
INFO:werkzeug:[31m[1mWARNING: This is a development server. Do not use it in a production deployment. Use a production WSGI server instead.[0m
 * Running on all addresses (0.0.0.0)
 * Running on http://127.0.0.1:5000
 * Running on http://10.0.20.12:5000
INFO:werkzeug:[33mPress CTRL+C to quit[0m
INFO:werkzeug:27.47.168.207 - - [09/Aug/2025 00:59:37] "GET / HTTP/1.1" 200 -
INFO:werkzeug:27.47.168.207 - - [09/Aug/2025 00:59:37] "[36mGET /static/css/style.css HTTP/1.1[0m" 304 -
INFO:werkzeug:27.47.168.207 - - [09/Aug/2025 00:59:37] "[36mGET /static/js/main.js HTTP/1.1[0m" 304 -
INFO:werkzeug:27.47.168.207 - - [09/Aug/2025 00:59:37] "GET /api/keywords?top=12 HTTP/1.1" 200 -
INFO:werkzeug:27.47.168.207 - - [09/Aug/2025 00:59:37] "GET /api/stats HTTP/1.1" 200 -
INFO:werkzeug:27.47.168.207 - - [09/Aug/2025 00:59:42] "GET /api/suggest?q=gup&limit=5 HTTP/1.1" 200 -
INFO:werkzeug:27.47.168.207 - - [09/Aug/2025 00:59:42] "GET /api/suggest?q=gup&limit=5 HTTP/1.1" 200 -
INFO:werkzeug:27.47.168.207 - - [09/Aug/2025 00:59:43] "GET /api/suggest?q=è‚¡ç¥¨&limit=5 HTTP/1.1" 200 -
INFO:werkzeug:27.47.168.207 - - [09/Aug/2025 00:59:43] "GET /api/suggest?q=è‚¡ç¥¨&limit=5 HTTP/1.1" 200 -
INFO:werkzeug:27.47.168.207 - - [09/Aug/2025 00:59:43] "GET /search?q=è‚¡ç¥¨ HTTP/1.1" 200 -
INFO:werkzeug:27.47.168.207 - - [09/Aug/2025 00:59:43] "[36mGET /static/css/style.css HTTP/1.1[0m" 304 -
INFO:werkzeug:27.47.168.207 - - [09/Aug/2025 00:59:43] "[36mGET /static/js/main.js HTTP/1.1[0m" 304 -
INFO:api_server:Received query: 'è‚¡ç¥¨' (length: 2)
INFO:api_server:Query bytes: b'\xe8\x82\xa1\xe7\xa5\xa8'
query_terms: ['è‚¡ç¥¨']
query_terms: ['è‚¡ç¥¨']
postings_lists: [('è‚¡ç¥¨', [Posting(doc_id=455, positions=[46, 1798], tf=2), Posting(doc_id=456, positions=[43, 423, 591, 1468, 1470, 1471, 1744], tf=7), Posting(doc_id=460, positions=[6414], tf=1), Posting(doc_id=467, positions=[46, 1794], tf=2), Posting(doc_id=468, positions=[43, 423, 591, 1468, 1470, 1471, 1744], tf=7), Posting(doc_id=552, positions=[20, 395], tf=2), Posting(doc_id=562, positions=[52], tf=1), Posting(doc_id=563, positions=[46, 1796], tf=2), Posting(doc_id=1041, positions=[2155], tf=1), Posting(doc_id=1123, positions=[1637, 1647], tf=2), Posting(doc_id=1195, positions=[43, 423, 592, 1463, 1465, 1466, 1727], tf=7), Posting(doc_id=1257, positions=[309, 317, 325, 771, 1002], tf=5), Posting(doc_id=1259, positions=[775, 893, 966, 1202], tf=4), Posting(doc_id=1261, positions=[60, 68, 76, 519, 902], tf=5), Posting(doc_id=1262, positions=[37], tf=1), Posting(doc_id=1263, positions=[43, 423, 589, 1459, 1461, 1462, 1725], tf=7), Posting(doc_id=1308, positions=[27, 2455], tf=2), Posting(doc_id=1309, positions=[948], tf=1), Posting(doc_id=1329, positions=[0, 5, 56, 513, 694, 3159, 3260, 3290, 3365, 3379], tf=10), Posting(doc_id=1419, positions=[1188, 1196, 1204, 1630, 2023], tf=5), Posting(doc_id=1420, positions=[65, 73, 81, 537, 936], tf=5), Posting(doc_id=1421, positions=[75, 83, 91, 539, 932], tf=5), Posting(doc_id=1422, positions=[67, 75, 83, 529, 882, 920], tf=6), Posting(doc_id=1423, positions=[152, 160, 168, 640, 1033], tf=5), Posting(doc_id=1424, positions=[334, 342, 350, 786, 1188], tf=5), Posting(doc_id=1425, positions=[470, 478, 486, 935, 1338], tf=5), Posting(doc_id=1426, positions=[797, 805, 813, 1265, 1655], tf=5), Posting(doc_id=1427, positions=[27, 2480], tf=2), Posting(doc_id=1428, positions=[43, 423, 593, 1464, 1466, 1467, 1735], tf=7), Posting(doc_id=1455, positions=[4330], tf=1), Posting(doc_id=1470, positions=[27, 2472], tf=2), Posting(doc_id=1472, positions=[7], tf=1), Posting(doc_id=1503, positions=[3313, 3476], tf=2), Posting(doc_id=1526, positions=[2847], tf=1), Posting(doc_id=1561, positions=[27, 2474], tf=2), Posting(doc_id=1565, positions=[7], tf=1), Posting(doc_id=1566, positions=[0, 5, 56, 513, 694, 2961, 3062, 3092, 3167, 3181], tf=10), Posting(doc_id=1567, positions=[827, 833, 1263, 12962, 16479, 19138, 19399, 23212, 26181, 26188, 26200, 26248], tf=12), Posting(doc_id=1569, positions=[2166], tf=1), Posting(doc_id=1591, positions=[1650], tf=1), Posting(doc_id=1691, positions=[4329, 4341], tf=2), Posting(doc_id=1694, positions=[43, 423, 593, 1464, 1466, 1467, 1737], tf=7), Posting(doc_id=1749, positions=[1647, 1672, 1725], tf=3), Posting(doc_id=1778, positions=[4329, 4341], tf=2), Posting(doc_id=1784, positions=[43, 423, 593, 1458, 1460, 1461, 1733], tf=7), Posting(doc_id=1818, positions=[4320], tf=1), Posting(doc_id=2040, positions=[992], tf=1), Posting(doc_id=2095, positions=[1647, 1672, 1725], tf=3), Posting(doc_id=3065, positions=[336, 351], tf=2)])]
candidate_docs: {1419, 1420, 1421, 1422, 1423, 1424, 1041, 1425, 1426, 1427, 1428, 2040, 1561, 1818, 1691, 1308, 1309, 1565, 1566, 1567, 1569, 1694, 552, 1195, 1455, 2095, 1329, 562, 563, 1591, 1470, 1472, 455, 456, 460, 467, 468, 1749, 1503, 1123, 1257, 1259, 1261, 1262, 1263, 1778, 1526, 1784, 3065}
scored_docs: [(1422, 7.975462911676504), (1421, 7.732040329888799), (1420, 7.72227185304064), (1261, 7.7203961288406395), (1257, 7.652734580801231), (1423, 7.621173544117664), (1424, 7.4914821646703125), (1425, 7.351478908295452), (1566, 7.278915306572546), (1329, 7.188374499488379), (1426, 7.085341550001408), (1472, 6.897769233182379), (1565, 6.897769233182379), (1259, 6.8520263122039875), (1419, 6.634554112631989), (3065, 6.47019745361499), (456, 6.182781392430509), (468, 6.182781392430509), (1784, 6.182094219927181), (1262, 6.1778190582270724), (1694, 6.1755736914538115), (1263, 6.17540228434348), (1195, 6.175059498666334), (1428, 6.168211767780964), (552, 5.714122658223151), (1749, 4.987669939544117), (2095, 4.987669939544117), (1123, 4.623909356819002), (563, 3.7994993492873985), (467, 3.794056882728098), (455, 3.7922461903904607), (1309, 3.5729236331687537), (1308, 3.3129755622391754), (1561, 3.3024767022242663), (1470, 3.3017905766728526), (1427, 3.298364220979929), (2040, 3.2532968459088316), (1567, 3.0467445067335346), (1041, 2.813052904117113), (1569, 2.806099087321138), (1591, 2.775954814102387), (562, 2.449307525618333), (1526, 2.1177056840786337), (1455, 1.7507366247602185), (1818, 1.7486176651904681), (1691, 1.4742733296370751), (1778, 1.4742733296370751), (460, 1.1292353549333616), (1503, 0.8540449779073189)]
results: [{'doc_id': 1422, 'title': '2022å¹´å…¨å›½èŠ‚èƒ½å®£ä¼ å‘¨äº®ç‚¹æŠ¢å…ˆçœ‹æ–°æµªè´¢ç»æ–°æµªç½‘', 'url': 'https://finance.sina.com.cn/china/2022-06-13/doc-imizmscu6534480.shtml', 'summary': 'è‚¡å¸‚ç¬æ¯ä¸‡å˜æŠ•èµ„éš¾ä»¥å†³ç­–æ¥Aè‚¡å‚è°‹éƒ¨è¶…è¯èŠä¸€èŠ[ç‚¹å‡»è¿›å…¥è¶…è¯] åŸæ ‡é¢˜çƒ­ç‚¹èµ„è®¯  2022å¹´å…¨å›½èŠ‚èƒ½å®£ä¼ å‘¨äº®ç‚¹æŠ¢å…ˆçœ‹ æ¥æºä¸­å›½æ ‡å‡†åŒ–ç ”ç©¶é™¢èµ„ç¯åˆ†é™¢ æµ·é‡èµ„è®¯ç²¾å‡†è§£è¯»å°½åœ¨æ–°æµªè´¢ç»APP è´£ä»»ç¼–è¾‘ç‹è’™ æˆ‘è¦åé¦ˆ æŠ•é¡¾æ’è¡Œæ¦œ æ”¶èµ· äººæ°”æ¦œ è·Ÿç‰›äººä¹°ç‰›è‚¡ å…¥ç¾¤è®¨è®º ä»Šæ—¥çƒ­åº¦ é—®è‚¡æ¦œ ç«‹å³é—®è‚¡ ä»Šæ—¥è¯Šè‚¡ äº§å“å…¥å£ æ–°æµªè´¢ç»APP-è‚¡ç¥¨-å…è´¹é—®è‚¡ äº§å“å…¥å£ æ–°æµªè´¢ç»APP-è‚¡ç¥¨-å…è´¹é—®è‚¡ äº§å“å…¥å£...', 'score': 7.9755, 'created_at': '2025-08-08 05:38:04'}, {'doc_id': 1421, 'title': 'ä¸­å›½æ ‡å‡†åŒ–ç ”ç©¶é™¢å‘å¸ƒå¾é›†2022å¹´ä¼ä¸šæ ‡å‡†é¢†è·‘è€…è¯„ä¼°æ–¹æ¡ˆåŠè¯„ä¼°æœºæ„æ–°æµªè´¢ç»æ–°æµªç½‘', 'url': 'https://finance.sina.com.cn/chanjing/2022-06-20/doc-imizmscu7799559.shtml', 'summary': 'è‚¡å¸‚ç¬æ¯ä¸‡å˜æŠ•èµ„éš¾ä»¥å†³ç­–æ¥Aè‚¡å‚è°‹éƒ¨è¶…è¯èŠä¸€èŠ[ç‚¹å‡»è¿›å…¥è¶…è¯] å…³äºå¾é›†2022å¹´ä¼ä¸šæ ‡å‡†é¢†è·‘è€…è¯„ä¼°æ–¹æ¡ˆåŠè¯„ä¼°æœºæ„çš„é€šçŸ¥ æ¥æºä¼ä¸šæ ‡å‡†é¢†è·‘ æµ·é‡èµ„è®¯ç²¾å‡†è§£è¯»å°½åœ¨æ–°æµªè´¢ç»APP è´£ä»»ç¼–è¾‘åˆ˜ä¸‡é‡Œ SF014 æˆ‘è¦åé¦ˆ æŠ•é¡¾æ’è¡Œæ¦œ æ”¶èµ· äººæ°”æ¦œ è·Ÿç‰›äººä¹°ç‰›è‚¡ å…¥ç¾¤è®¨è®º ä»Šæ—¥çƒ­åº¦ é—®è‚¡æ¦œ ç«‹å³é—®è‚¡ ä»Šæ—¥è¯Šè‚¡ äº§å“å…¥å£ æ–°æµªè´¢ç»APP-è‚¡ç¥¨-å…è´¹é—®è‚¡ äº§å“å…¥å£ æ–°æµªè´¢ç»APP-è‚¡ç¥¨-å…è´¹é—®è‚¡ äº§å“å…¥å£...', 'score': 7.732, 'created_at': '2025-08-08 05:38:04'}, {'doc_id': 1420, 'title': 'å…³äºå‘å¸ƒ2021å¹´ä¼ä¸šæ ‡å‡†é¢†è·‘è€…è¯„ä¼°æœºæ„åå•çš„é€šçŸ¥æ–°æµªè´¢ç»æ–°æµªç½‘', 'url': 'https://finance.sina.com.cn/consume/2022-04-27/doc-imcwipii6759669.shtml', 'summary': 'è¢«å„ç§å•†å®¶è¥é”€å¥—è·¯ä¾µå®³æƒç›Šä¹°åˆ°çš„å•†å“å‡ºæ•…éšœæŠ•è¯‰æ— é—¨ é»‘çŒ«æŠ•è¯‰å¹³å°å…¨å¤©å€™å¸®æ‚¨è§£å†³æ¶ˆè´¹éš¾é¢˜æ¶ˆè´¹é‡çº çº·å°±ä¸Šé»‘çŒ«æŠ•è¯‰ æµ·é‡èµ„è®¯ç²¾å‡†è§£è¯»å°½åœ¨æ–°æµªè´¢ç»APP è´£ä»»ç¼–è¾‘åˆ˜æ”¿ æˆ‘è¦åé¦ˆ æŠ•é¡¾æ’è¡Œæ¦œ æ”¶èµ· äººæ°”æ¦œ è·Ÿç‰›äººä¹°ç‰›è‚¡ å…¥ç¾¤è®¨è®º ä»Šæ—¥çƒ­åº¦ é—®è‚¡æ¦œ ç«‹å³é—®è‚¡ ä»Šæ—¥è¯Šè‚¡ äº§å“å…¥å£ æ–°æµªè´¢ç»APP-è‚¡ç¥¨-å…è´¹é—®è‚¡ äº§å“å…¥å£ æ–°æµªè´¢ç»APP-è‚¡ç¥¨-å…è´¹é—®è‚¡ äº§å“å…¥å£ æ–°æµªè´¢ç»APP-è‚¡ç¥¨-å…è´¹é—®è‚¡ APPä¸“äº«ç›´æ’­...', 'score': 7.7223, 'created_at': '2025-08-08 05:38:04'}, {'doc_id': 1261, 'title': 'ä¼æ ‡é¢†è·‘è€…åˆ¶åº¦å…¬ç›Šå®£ä¼ ç‰‡æ–°æµªè´¢ç»æ–°æµªç½‘', 'url': 'https://finance.sina.com.cn/consume/2022-05-18/doc-imcwipik0544460.shtml', 'summary': 'è¢«å„ç§å•†å®¶è¥é”€å¥—è·¯ä¾µå®³æƒç›Šä¹°åˆ°çš„å•†å“å‡ºæ•…éšœæŠ•è¯‰æ— é—¨ é»‘çŒ«æŠ•è¯‰å¹³å°å…¨å¤©å€™å¸®æ‚¨è§£å†³æ¶ˆè´¹éš¾é¢˜æ¶ˆè´¹é‡çº çº·å°±ä¸Šé»‘çŒ«æŠ•è¯‰ æµ·é‡èµ„è®¯ç²¾å‡†è§£è¯»å°½åœ¨æ–°æµªè´¢ç»APP è´£ä»»ç¼–è¾‘èµµç’ æˆ‘è¦åé¦ˆ æŠ•é¡¾æ’è¡Œæ¦œ æ”¶èµ· äººæ°”æ¦œ è·Ÿç‰›äººä¹°ç‰›è‚¡ å…¥ç¾¤è®¨è®º ä»Šæ—¥çƒ­åº¦ é—®è‚¡æ¦œ ç«‹å³é—®è‚¡ ä»Šæ—¥è¯Šè‚¡ äº§å“å…¥å£ æ–°æµªè´¢ç»APP-è‚¡ç¥¨-å…è´¹é—®è‚¡ äº§å“å…¥å£ æ–°æµªè´¢ç»APP-è‚¡ç¥¨-å…è´¹é—®è‚¡ äº§å“å…¥å£ æ–°æµªè´¢ç»APP-è‚¡ç¥¨-å…è´¹é—®è‚¡ APPä¸“äº«ç›´æ’­...', 'score': 7.7204, 'created_at': '2025-08-08 05:34:59'}, {'doc_id': 1257, 'title': 'æ ‡å‡†åŠ©åŠ›åŒç¢³ç»¿è‰²å¼•é¢†æœªæ¥2022å¹´ç»¿è‰²ä½ç¢³æ ‡å‡†åŒ–äº¤æµä¼šå°†äº7æœˆ15æ—¥å¯å¹•æ–°æµªè´¢ç»æ–°æµªç½‘', 'url': 'https://finance.sina.com.cn/esg/ep/2022-07-12/doc-imizirav3101990.shtml', 'summary': 'æ–°æµªè´¢ç»ESGè¯„çº§ä¸­å¿ƒæä¾›åŒ…æ‹¬èµ„è®¯æŠ¥å‘ŠåŸ¹è®­å’¨è¯¢ç­‰åœ¨å†…çš„14é¡¹ESGæœåŠ¡åŠ©åŠ›ä¸Šå¸‚å…¬å¸ä¼ æ’­ESGç†å¿µæå‡ESGå¯æŒç»­å‘å±•è¡¨ç°ç‚¹å‡»æŸ¥çœ‹ESGè¯„çº§ä¸­å¿ƒæœåŠ¡æ‰‹å†Œ æ ‡å‡†åŠ©åŠ›åŒç¢³ç»¿è‰²å¼•é¢†æœªæ¥ä¸­å›½æ ‡å‡†åŒ–ç ”ç©¶é™¢è”åˆç›¸å…³æ–¹å®šäº2022å¹´7æœˆ15æ—¥ä»¥çº¿ä¸Šä¼šè®®çš„æ–¹å¼å¬å¼€2022å¹´ç»¿è‰²ä½ç¢³æ ‡å‡†åŒ–äº¤æµä¼šå±Šæ—¶å°†é‚€è¯·ç›¸å…³æ”¿åºœéƒ¨é—¨è¡Œä¸šåä¼šç§‘ç ”é™¢æ‰€ç”Ÿäº§ä¼ä¸šç­‰å…±åŒå‚ä¸æºæ‰‹åä½™ä½é‡ç£…å˜‰å®¾é½èšäº‘ç«¯è§£è¯»å›½å†…å¤–ç»¿è‰²ä½ç¢³é¢†åŸŸç›¸å…³æ”¿ç­–æ ‡å‡†é€šè¿‡åŠ å¼º...', 'score': 7.6527, 'created_at': '2025-08-08 05:34:59'}, {'doc_id': 1423, 'title': 'å¸‚åœºç›‘ç®¡æ€»å±€å‘å¸ƒ2022å¹´åº¦ å®æ–½ä¼ä¸šæ ‡å‡†é¢†è·‘è€…é‡ç‚¹é¢†åŸŸæ–°æµªè´¢ç»æ–°æµªç½‘', 'url': 'https://finance.sina.com.cn/consume/2022-06-01/doc-imizirau6029264.shtml', 'summary': 'è¢«å„ç§å•†å®¶è¥é”€å¥—è·¯ä¾µå®³æƒç›Šä¹°åˆ°çš„å•†å“å‡ºæ•…éšœæŠ•è¯‰æ— é—¨ é»‘çŒ«æŠ•è¯‰å¹³å°å…¨å¤©å€™å¸®æ‚¨è§£å†³æ¶ˆè´¹éš¾é¢˜æ¶ˆè´¹é‡çº çº·å°±ä¸Šé»‘çŒ«æŠ•è¯‰ æ¥æºå¸‚åœºç›‘ç®¡æ€»å±€ å¸‚åœºç›‘ç®¡æ€»å±€å…³äºå‘å¸ƒ2022å¹´åº¦å®æ–½ä¼ä¸šæ ‡å‡†é¢†è·‘è€…é‡ç‚¹é¢†åŸŸçš„å…¬å‘Šä¸ºè´¯å½»è½å®å›½å®¶æ ‡å‡†åŒ–å‘å±•çº²è¦åå››äº”å¸‚åœºç›‘ç®¡ç°ä»£åŒ–è§„åˆ’ç­‰è¦æ±‚ä¾æ®å¸‚åœºç›‘ç®¡æ€»å±€ç­‰å…«éƒ¨é—¨å…³äºå®æ–½ä¼ä¸šæ ‡å‡†é¢†è·‘è€…åˆ¶åº¦çš„æ„è§å¸‚åœºç›‘ç®¡æ€»å±€ä¼šåŒå›½åŠ¡é™¢æœ‰å…³éƒ¨é—¨å›´ç»•å›½å®¶é‡å¤§å†³ç­–éƒ¨ç½²èšç„¦è¡Œä¸šé«˜è´¨é‡å‘å±•ç»Ÿç­¹è€ƒè™‘ä¼ä¸šæ ‡å‡†è‡ªæˆ‘å£°æ˜å…¬...', 'score': 7.6212, 'created_at': '2025-08-08 05:38:04'}, {'doc_id': 1424, 'title': 'é¢†è·‘è€…å®£ä¼ å†æ·»æ–°é˜µåœ°æ–°æµªè´¢ç»æ–°æµªç½‘', 'url': 'https://finance.sina.com.cn/consume/2022-05-23/doc-imizmscu2950622.shtml', 'summary': 'è¢«å„ç§å•†å®¶è¥é”€å¥—è·¯ä¾µå®³æƒç›Šä¹°åˆ°çš„å•†å“å‡ºæ•…éšœæŠ•è¯‰æ— é—¨ é»‘çŒ«æŠ•è¯‰å¹³å°å…¨å¤©å€™å¸®æ‚¨è§£å†³æ¶ˆè´¹éš¾é¢˜æ¶ˆè´¹é‡çº çº·å°±ä¸Šé»‘çŒ«æŠ•è¯‰ æ¥æºä¸­å›½æ ‡å‡†åŒ–ç ”ç©¶é™¢èµ„ç¯åˆ†é™¢ ä¸ºè´¯å½»è½å®ä¸­å…±ä¸­å¤®å›½åŠ¡é™¢å°å‘çš„å»ºè®¾é«˜æ ‡å‡†å¸‚åœºä½“ç³»è¡ŒåŠ¨æ–¹æ¡ˆå›½å®¶æ ‡å‡†åŒ–å‘å±•çº²è¦å¸‚åœºç›‘ç®¡åå››äº”ç§‘æŠ€å‘å±•è§„åˆ’ç­‰æ–‡ä»¶æå‡ºçš„ä¼˜åŒ–ä¼ä¸šæ ‡å‡†é¢†è·‘è€…åˆ¶åº¦ä»¥åŠå¸‚åœºç›‘ç®¡æ€»å±€ç­‰å…«éƒ¨é—¨å…³äºå®æ–½ä¼ä¸šæ ‡å‡†é¢†è·‘è€…åˆ¶åº¦çš„æ„è§çš„éƒ¨ç½²è¦æ±‚å‘æŒ¥å…ˆè¿›æ ‡å‡†å¼•é¢†å¸¦åŠ¨ä½œç”¨å¼•å¯¼ä¼ä¸šæŠ€æœ¯åˆ›æ–°ç»¿è‰²ä½ç¢³è½¬å‹å‘å±•è¿›ä¸€...', 'score': 7.4915, 'created_at': '2025-08-08 05:38:04'}, {'doc_id': 1425, 'title': '2022å¹´ä¼ä¸šæ ‡å‡†é¢†è·‘è€…å·¥ä½œæ­£å¼å¯åŠ¨æ–°æµªè´¢ç»æ–°æµªç½‘', 'url': 'https://finance.sina.com.cn/consume/2022-04-27/doc-imcwipii6566191.shtml', 'summary': 'è¢«å„ç§å•†å®¶è¥é”€å¥—è·¯ä¾µå®³æƒç›Šä¹°åˆ°çš„å•†å“å‡ºæ•…éšœæŠ•è¯‰æ— é—¨ é»‘çŒ«æŠ•è¯‰å¹³å°å…¨å¤©å€™å¸®æ‚¨è§£å†³æ¶ˆè´¹éš¾é¢˜æ¶ˆè´¹é‡çº çº·å°±ä¸Šé»‘çŒ«æŠ•è¯‰ å¯¼è¯»ä¸ºè´¯å½»è½å®ä¸­å…±ä¸­å¤®å›½åŠ¡é™¢å°å‘çš„å»ºè®¾é«˜æ ‡å‡†å¸‚åœºä½“ç³»è¡ŒåŠ¨æ–¹æ¡ˆå›½å®¶æ ‡å‡†åŒ–å‘å±•çº²è¦å¸‚åœºç›‘ç®¡åå››äº”ç§‘æŠ€å‘å±•è§„åˆ’ç­‰æ–‡ä»¶æå‡ºçš„ä¼˜åŒ–ä¼ä¸šæ ‡å‡†é¢†è·‘è€…åˆ¶åº¦ä»¥åŠå¸‚åœºç›‘ç®¡æ€»å±€ç­‰å…«éƒ¨é—¨å…³äºå®æ–½ä¼ä¸šæ ‡å‡†é¢†è·‘è€…åˆ¶åº¦çš„æ„è§çš„éƒ¨ç½²è¦æ±‚å‘æŒ¥å…ˆè¿›æ ‡å‡†å¼•é¢†å¸¦åŠ¨ä½œç”¨å¼•å¯¼ä¼ä¸šæŠ€æœ¯åˆ›æ–°ç»¿è‰²ä½ç¢³è½¬å‹å‘å±•è¿›ä¸€æ­¥å¼ºåŒ–ä¼ä¸šæ ‡å‡†é¢†è·‘è€…åˆ¶åº¦æ”¯...', 'score': 7.3515, 'created_at': '2025-08-08 05:38:04'}, {'doc_id': 1566, 'title': 'è‚¡ç¥¨é¦–é¡µæ–°æµªè´¢ç»æ–°æµªç½‘', 'url': 'https://finance.sina.com.cn/stock/', 'summary': 'è‚¡ç¥¨é¦–é¡µæ–°æµªè´¢ç»æ–°æµªç½‘ æ–°æµªé¦–é¡µ  ç¬¬äºŒå­£åº¦ç¾è‚¡è´¢æŠ¥ æµ·è¾°å‚¨èƒ½æ¸¯è‚¡é—¯å…³é‡é˜» å…¬å‹ŸåŸºé‡‘æ”¹é©è¿›è¡Œæ—¶ æ–°é—» å›¾ç‰‡ è§†é¢‘ æ–°æµªè´¢ç»APP è´¢ç»å¤§Vé¢‘é“ æŠ•ç ”ä¸­å¿ƒ è®¾ä¸ºä¹¦ç­¾ CtrlDå°†æœ¬é¡µé¢ä¿å­˜ä¸ºä¹¦ç­¾å…¨é¢äº†è§£æœ€æ–°èµ„è®¯æ–¹ä¾¿å¿«æ· æ‚¨ä¹Ÿå¯ä¸‹è½½æ¡Œé¢å¿«æ·æ–¹å¼ç‚¹å‡»ä¸‹è½½  è´¢ç»é¦–é¡µ  æ–°æµªé¦–é¡µ  æ–°æµªå¯¼èˆª è´¢ç»è‚¡ç¥¨æ–°è‚¡åˆ¸å•†åŸºé‡‘æ¸¯è‚¡ç¾è‚¡åœ°äº§æœŸè´§ç¢³é¢‘é“ç»´æƒåšå®¢è‚¡å¸‚æ±‡ å®¢æˆ·ç«¯...', 'score': 7.2789, 'created_at': '2025-08-08 05:45:33'}, {'doc_id': 1329, 'title': 'è‚¡ç¥¨é¦–é¡µæ–°æµªè´¢ç»æ–°æµªç½‘', 'url': 'http://finance.sina.com.cn/stock/', 'summary': 'è‚¡ç¥¨é¦–é¡µæ–°æµªè´¢ç»æ–°æµªç½‘ æ–°æµªé¦–é¡µ  ç¬¬äºŒå­£åº¦ç¾è‚¡è´¢æŠ¥ æµ·è¾°å‚¨èƒ½æ¸¯è‚¡é—¯å…³é‡é˜» å…¬å‹ŸåŸºé‡‘æ”¹é©è¿›è¡Œæ—¶ æ–°é—» å›¾ç‰‡ è§†é¢‘ æ–°æµªè´¢ç»APP è´¢ç»å¤§Vé¢‘é“ æŠ•ç ”ä¸­å¿ƒ è®¾ä¸ºä¹¦ç­¾ CtrlDå°†æœ¬é¡µé¢ä¿å­˜ä¸ºä¹¦ç­¾å…¨é¢äº†è§£æœ€æ–°èµ„è®¯æ–¹ä¾¿å¿«æ· æ‚¨ä¹Ÿå¯ä¸‹è½½æ¡Œé¢å¿«æ·æ–¹å¼ç‚¹å‡»ä¸‹è½½  è´¢ç»é¦–é¡µ  æ–°æµªé¦–é¡µ  æ–°æµªå¯¼èˆª è´¢ç»è‚¡ç¥¨æ–°è‚¡åˆ¸å•†åŸºé‡‘æ¸¯è‚¡ç¾è‚¡åœ°äº§æœŸè´§ç¢³é¢‘é“ç»´æƒåšå®¢è‚¡å¸‚æ±‡ å®¢æˆ·ç«¯...', 'score': 7.1884, 'created_at': '2025-08-08 05:37:10'}, {'doc_id': 1426, 'title': '2022é«˜è´¨é‡å‘å±•äº¤æµä¼šæš¨ä¼æ ‡é¢†è·‘è€…å‘å¸ƒä¼šé¡ºåˆ©å¬å¼€é¢†è·‘è€…æ–°æµªè´¢ç»æ–°æµªç½‘', 'url': 'https://finance.sina.com.cn/china/2022-03-30/doc-imcwiwss8993634.shtml', 'summary': 'è‚¡å¸‚ç¬æ¯ä¸‡å˜æŠ•èµ„éš¾ä»¥å†³ç­–æ¥Aè‚¡å‚è°‹éƒ¨è¶…è¯èŠä¸€èŠ[ç‚¹å‡»è¿›å…¥è¶…è¯] æ–°æµªè´¢ç»è®¯ 3æœˆ30æ—¥ä¸‹åˆæ¶ˆæ¯ä¸­å›½æ ‡å‡†åŒ–ç ”ç©¶é™¢è”åˆä¸­å›½æ ‡å‡†åŒ–åä¼šäº2022å¹´3æœˆ30æ—¥çº¿ä¸Šå¬å¼€äº†2022é«˜è´¨é‡å‘å±•äº¤æµä¼šæš¨ä¼æ ‡é¢†è·‘è€…å‘å¸ƒä¼šå¤§ä¼šä¸»é¢˜ä¸ºé¢†è·‘è€…æ ‡å‡†åŠ©åŠ›é«˜è´¨é‡å‘å±•æœ‰å…³æ”¿åºœéƒ¨é—¨é¢†å¯¼è¡Œä¸šä¸“å®¶ç§‘ç ”é™¢æ‰€å­¦åä¼šäº§ä¸šç•ŒåŠæ–°é—»åª’ä½“ä»£è¡¨å‚åŠ ä¼šè®® ä¸ºè´¯å½»è½å®ä¸­å…±ä¸­å¤®å›½åŠ¡é™¢å°å‘çš„å»ºè®¾é«˜æ ‡å‡†å¸‚åœºä½“ç³»è¡ŒåŠ¨æ–¹æ¡ˆå›½å®¶æ ‡å‡†åŒ–å‘å±•çº²è¦åå››äº”å¸‚åœºç›‘ç®¡ç°ä»£åŒ–è§„...', 'score': 7.0853, 'created_at': '2025-08-08 05:38:07'}, {'doc_id': 1472, 'title': 'æ–°æµªè´¢ç»é‡‘èä¿¡æ¯æœåŠ¡å•†', 'url': 'http://finance.sina.com.cn/', 'summary': 'åå®‰åŒ»è¯ç”Ÿç‰©è‚¡ç¥¨ 47.32 100.80', 'score': 6.8978, 'created_at': '2025-08-08 05:41:36'}, {'doc_id': 1565, 'title': 'æ–°æµªè´¢ç»é‡‘èä¿¡æ¯æœåŠ¡å•†', 'url': 'https://finance.sina.com.cn/', 'summary': 'åå®‰åŒ»è¯ç”Ÿç‰©è‚¡ç¥¨ 47.32 100.80', 'score': 6.8978, 'created_at': '2025-08-08 05:45:33'}, {'doc_id': 1259, 'title': 'é‡ç£…å“è´¨å¼•é¢†å“ç‰Œ 2022é«˜è´¨é‡å‘å±•æ¡ˆä¾‹å¾é›†æ´»åŠ¨æ­£å¼å¯åŠ¨é«˜è´¨é‡å‘å±•æ–°æµªè´¢ç»æ–°æµªç½‘', 'url': 'https://finance.sina.com.cn/china/2022-05-10/doc-imcwipii9029112.shtml', 'summary': 'è‚¡å¸‚ç¬æ¯ä¸‡å˜æŠ•èµ„éš¾ä»¥å†³ç­–æ¥Aè‚¡å‚è°‹éƒ¨è¶…è¯èŠä¸€èŠ[ç‚¹å‡»è¿›å…¥è¶…è¯] ä¸“é¢˜ éšç€æ¶ˆè´¹è€…æ”¶å…¥æ°´å¹³çš„æé«˜ä»¥åŠç¤¾ä¼šçš„è¿›æ­¥åŠæ¶ˆè´¹å¸‚åœºä¸æ–­å‘å±•å’Œå‡çº§æˆ‘å›½å±…æ°‘æ¶ˆè´¹è§„æ¨¡æŒç»­æ‰©å¤§æ¶ˆè´¹ç»“æ„é€æ¸å‡çº§å¤šæ ·åŒ–ä¸ªæ€§åŒ–æ¶ˆè´¹è¶‹åŠ¿æ˜æ˜¾æ¶ˆè´¹è€…å¯¹äºå“è´¨æ¶ˆè´¹çš„æ„è¯†ä¹Ÿåœ¨é€æ¸å¼ºåŒ–åœ¨ä¸­åäººæ°‘å…±å’Œå›½å›½æ°‘ç»æµå’Œç¤¾ä¼šå‘å±•ç¬¬åå››ä¸ªäº”å¹´è§„åˆ’å’Œ2035å¹´è¿œæ™¯ç›®æ ‡çº²è¦ä¹Ÿæ˜ç¡®æå‡ºè¦å…¨é¢ä¿ƒè¿›æ¶ˆè´¹å‘ç»¿è‰²å¥åº·å®‰å…¨å‘å±•ç¨³æ­¥æé«˜å±…æ°‘æ¶ˆè´¹æ°´å¹³ä¹ è¿‘å¹³æ€»ä¹¦è®°å¼ºè°ƒé«˜è´¨é‡å‘å±•æ˜¯åå››...', 'score': 6.852, 'created_at': '2025-08-08 05:34:59'}, {'doc_id': 1419, 'title': '2021æˆ‘å›½å®æ–½ä¼ä¸šæ ‡å‡†é¢†è·‘è€…é‡ç‚¹é¢†åŸŸæ¸…å•æ–°æµªè´¢ç»æ–°æµªç½‘', 'url': 'https://finance.sina.com.cn/consume/2022-04-27/doc-imcwiwst4290115.shtml', 'summary': 'è¢«å„ç§å•†å®¶è¥é”€å¥—è·¯ä¾µå®³æƒç›Šä¹°åˆ°çš„å•†å“å‡ºæ•…éšœæŠ•è¯‰æ— é—¨ é»‘çŒ«æŠ•è¯‰å¹³å°å…¨å¤©å€™å¸®æ‚¨è§£å†³æ¶ˆè´¹éš¾é¢˜æ¶ˆè´¹é‡çº çº·å°±ä¸Šé»‘çŒ«æŠ•è¯‰ æ®ä¼ä¸šæ ‡å‡†é¢†è·‘è€…åˆ¶åº¦å·¥ä½œæœºæ„ä¸­å›½æ ‡å‡†åŒ–ç ”ç©¶é™¢æœ‰å…³äººå£«ä»‹ç»93ä¸ªé‡ç‚¹é¢†åŸŸæ˜¯å¯¹28ä¸ªåœ°æ–¹å¸‚åœºç›‘ç®¡å±€8ä¸ªéƒ¨å§”åé¦ˆçš„700ä½™ä¸ªé‡ç‚¹é¢†åŸŸå»ºè®®è¿›è¡Œæ±‡æ€»é€šè¿‡ä¸“å®¶è¯„å®¡å½¢æˆ2021å¹´åº¦ä¼ä¸šæ ‡å‡†é¢†è·‘è€…é‡ç‚¹é¢†åŸŸæ–°å¢æ¸…å•æŠ¥å¸‚åœºç›‘ç®¡æ€»å±€æ‰¹å‡†ç¡®å®šçš„æ®äº†è§£è‡ª2019å¹´èµ·æ”¯æ’‘äººæ°‘é“¶è¡Œå¼€å±•äº†é‡‘èé¢†åŸŸä¼ä¸šæ ‡å‡†é¢†è·‘è€…å·¥ä½œ202...', 'score': 6.6346, 'created_at': '2025-08-08 05:38:04'}, {'doc_id': 3065, 'title': 'ç¾çš„æœ€æ–°èµ„è®¯-å¿«ç§‘æŠ€--ç§‘æŠ€æ”¹å˜æœªæ¥', 'url': 'https://news.mydrivers.com/tag/meide.htm', 'summary': 'ç¾çš„æœ€æ–°èµ„è®¯-å¿«ç§‘æŠ€--ç§‘æŠ€æ”¹å˜æœªæ¥ æ‰‹æœºç‰ˆ å®‰å“ç‰ˆ è‹¹æœç«¯ åšå®¢ç‰ˆ ç™»å½• æ³¨å†Œ ä½œè€…ç§å¯†æ–‡ç« æ— æµè§ˆæƒé™ è¿”å› å› ç‰ˆæƒé™åˆ¶è¿‡å¾€å†…å®¹åªæä¾›ç»™è€é¸Ÿçº§åˆ«åŠä»¥ä¸Šç”¨æˆ·è®¿é—® ç™»å½• å› ç‰ˆæƒé™åˆ¶è¿‡å¾€å†…å®¹åªæä¾›ç»™è€é¸Ÿçº§åˆ«åŠä»¥ä¸Šç”¨æˆ·è®¿é—® è¿”å› ç¾çš„ æœ‰å…³ç¾çš„çš„æœ€æ–°è¯é¢˜ åˆ†äº« å¾®ä¿¡æ‰«ç åˆ†äº« å…³æ³¨ æ–‡ç«  è§†é¢‘ ç›¸å…³å†…å®¹åˆ›ä½œè€…ä»¬æ­£åœ¨åŠªåŠ›åˆ›ä½œä¸­æ¢ä¸ªå…³é”®è¯è¯•è¯•å§...', 'score': 6.4702, 'created_at': '2025-08-08 06:28:40'}, {'doc_id': 456, 'title': 'æ–°æµªç½‘', 'url': 'https://www.sina.com.cn', 'summary': 'æ–°æµªç½‘ è®¾ä¸ºé¦–é¡µ æˆ‘çš„èœå• æ‰‹æœºæ–°æµªç½‘ ç§»åŠ¨å®¢æˆ·ç«¯ æ–°æµªå¾®åš æ–°æµªæ–°é—» æ–°æµªè´¢ç» é»‘çŒ«æŠ•è¯‰ æ–°æµªåšå®¢ æ–°æµªä¼—æµ‹ æ–°æµªé‚®ç®±å®¢æˆ·ç«¯ å…³é—­ç½®é¡¶ ç™»å½• æ¬¢è¿æ‚¨ é€€å‡º å¾®åš åšå®¢ é‚®ç®± ç½‘ç«™å¯¼èˆª æ–°é—» å¾®åš å›¾ç‰‡ è§†é¢‘ æ–°é—» æ–°é—» å†›äº‹ å›½å†… å›½é™… è´¢ç» è‚¡ç¥¨ åŸºé‡‘ å¤–æ±‡ ç§‘æŠ€ æ‰‹æœº ä¼—æµ‹ åˆ›äº‹è®° ä½“è‚² NBA è‹±è¶… ä¸­è¶… å¨±ä¹ æ—¶å°š å¥³æ€§ è‚²å„¿ æ±½è½¦ æŠ¥ä»· ä¹°è½¦ æ–°è½¦ åšå®¢ ä¸“æ  ä¸“é¢˜ ç²¾å“ æ•™è‚² ç•™å­¦...', 'score': 6.1828, 'created_at': '2025-08-08 05:10:05'}, {'doc_id': 468, 'title': 'æ–°æµªç½‘', 'url': 'https://www.sina.com.cn/', 'summary': 'æ–°æµªç½‘ è®¾ä¸ºé¦–é¡µ æˆ‘çš„èœå• æ‰‹æœºæ–°æµªç½‘ ç§»åŠ¨å®¢æˆ·ç«¯ æ–°æµªå¾®åš æ–°æµªæ–°é—» æ–°æµªè´¢ç» é»‘çŒ«æŠ•è¯‰ æ–°æµªåšå®¢ æ–°æµªä¼—æµ‹ æ–°æµªé‚®ç®±å®¢æˆ·ç«¯ å…³é—­ç½®é¡¶ ç™»å½• æ¬¢è¿æ‚¨ é€€å‡º å¾®åš åšå®¢ é‚®ç®± ç½‘ç«™å¯¼èˆª æ–°é—» å¾®åš å›¾ç‰‡ è§†é¢‘ æ–°é—» æ–°é—» å†›äº‹ å›½å†… å›½é™… è´¢ç» è‚¡ç¥¨ åŸºé‡‘ å¤–æ±‡ ç§‘æŠ€ æ‰‹æœº ä¼—æµ‹ åˆ›äº‹è®° ä½“è‚² NBA è‹±è¶… ä¸­è¶… å¨±ä¹ æ—¶å°š å¥³æ€§ è‚²å„¿ æ±½è½¦ æŠ¥ä»· ä¹°è½¦ æ–°è½¦ åšå®¢ ä¸“æ  ä¸“é¢˜ ç²¾å“ æ•™è‚² ç•™å­¦...', 'score': 6.1828, 'created_at': '2025-08-08 05:10:50'}, {'doc_id': 1784, 'title': 'æ–°æµªç½‘', 'url': 'http://sina.com.cn/#jump0', 'summary': 'æ–°æµªç½‘ è®¾ä¸ºé¦–é¡µ æˆ‘çš„èœå• æ‰‹æœºæ–°æµªç½‘ ç§»åŠ¨å®¢æˆ·ç«¯ æ–°æµªå¾®åš æ–°æµªæ–°é—» æ–°æµªè´¢ç» é»‘çŒ«æŠ•è¯‰ æ–°æµªåšå®¢ æ–°æµªä¼—æµ‹ æ–°æµªé‚®ç®±å®¢æˆ·ç«¯ å…³é—­ç½®é¡¶ ç™»å½• æ¬¢è¿æ‚¨ é€€å‡º å¾®åš åšå®¢ é‚®ç®± ç½‘ç«™å¯¼èˆª æ–°é—» å¾®åš å›¾ç‰‡ è§†é¢‘ æ–°é—» æ–°é—» å†›äº‹ å›½å†… å›½é™… è´¢ç» è‚¡ç¥¨ åŸºé‡‘ å¤–æ±‡ ç§‘æŠ€ æ‰‹æœº ä¼—æµ‹ åˆ›äº‹è®° ä½“è‚² NBA è‹±è¶… ä¸­è¶… å¨±ä¹ æ—¶å°š å¥³æ€§ è‚²å„¿ æ±½è½¦ æŠ¥ä»· ä¹°è½¦ æ–°è½¦ åšå®¢ ä¸“æ  ä¸“é¢˜ ç²¾å“ æ•™è‚² ç•™å­¦...', 'score': 6.1821, 'created_at': '2025-08-08 05:55:23'}, {'doc_id': 1262, 'title': 'æ–°æµªç½‘ç«™å¯¼èˆªæ–°æµªç½‘', 'url': 'https://news.sina.com.cn/guide/', 'summary': 'æ–°é—»èµ„è®¯ æ–°é—» å›½å†… å›½é™… å†›äº‹ æ”¿åŠ¡ é«˜æ¸…å›¾ æ»šåŠ¨ æ’è¡Œ ä½“è‚² NBA CBA å›½é™…è¶³çƒ è‹±è¶… è¥¿ç”² æ„ç”² æ¬§å†  ç½‘çƒ æ£‹ç‰Œ é«˜å°”å¤« å½©ç¥¨ F1èµ›è½¦ ç›´æ’­ å¨±ä¹ æ˜æ˜Ÿ ç”µå½± ç”µè§† éŸ³ä¹ åšå®¢ éŸ©å¨± æ—¥å¨± è´¢ç» è‚¡ç¥¨ æ¸¯è‚¡ ç¾è‚¡ è‡ªé€‰è‚¡ è¡Œæƒ… åŸºé‡‘ æœŸè´§ å¤–æ±‡ é»„é‡‘ å€ºåˆ¸ ç†è´¢ é“¶è¡Œ ä¿é™© ä¿¡æ‰˜ ä¸“æ  åšå®¢ äº§ç» æ¶ˆè´¹ ç§‘æŠ€ é»‘çŒ«æŠ•è¯‰ åˆ›äº‹è®° äº’è”ç½‘ ITä¸šç•Œ ä¼—æµ‹ æ‰‹æœº è‹¹æœæ±‡ æ•°ç  ç¬”è®°æœ¬...', 'score': 6.1778, 'created_at': '2025-08-08 05:35:01'}]INFO:search_engine:Search completed in 0.084s, found 20 results
INFO:werkzeug:27.47.168.207 - - [09/Aug/2025 00:59:43] "GET /api/search?q=è‚¡ç¥¨&max_results=20 HTTP/1.1" 200 -
INFO:werkzeug:27.47.168.207 - - [09/Aug/2025 00:59:47] "GET /api/suggest?q=guangz&max=5 HTTP/1.1" 200 -
INFO:werkzeug:27.47.168.207 - - [09/Aug/2025 00:59:48] "GET /api/suggest?q=å¹¿å·çš„tianq&max=5 HTTP/1.1" 200 -
INFO:werkzeug:27.47.168.207 - - [09/Aug/2025 00:59:48] "GET /search?q=å¹¿å·çš„å¤©æ°” HTTP/1.1" 200 -
INFO:werkzeug:27.47.168.207 - - [09/Aug/2025 00:59:48] "[36mGET /static/css/style.css HTTP/1.1[0m" 304 -
INFO:werkzeug:27.47.168.207 - - [09/Aug/2025 00:59:48] "[36mGET /static/js/main.js HTTP/1.1[0m" 304 -
INFO:api_server:Received query: 'å¹¿å·çš„å¤©æ°”' (length: 5)
INFO:api_server:Query bytes: b'\xe5\xb9\xbf\xe5\xb7\x9e\xe7\x9a\x84\xe5\xa4\xa9\xe6\xb0\x94'

query_terms: ['å¹¿å·', 'å¤©æ°”']
query_terms: ['å¹¿å·', 'å¤©æ°”']
postings_lists: [('å¹¿å·', [Posting(doc_id=455, positions=[73, 1032, 2929], tf=3), Posting(doc_id=456, positions=[963, 984, 1050, 1071, 3049], tf=5), Posting(doc_id=467, positions=[73, 1032, 2926], tf=3), Posting(doc_id=468, positions=[963, 984, 1050, 1071, 3049], tf=5), Posting(doc_id=539, positions=[640, 641], tf=2), Posting(doc_id=552, positions=[312, 333], tf=2), Posting(doc_id=562, positions=[79], tf=1), Posting(doc_id=563, positions=[73, 1032, 2913], tf=3), Posting(doc_id=642, positions=[120, 191], tf=2), Posting(doc_id=645, positions=[640, 641], tf=2), Posting(doc_id=646, positions=[640, 641], tf=2), Posting(doc_id=838, positions=[623], tf=1), Posting(doc_id=971, positions=[1442, 3415, 8589, 10757, 11584], tf=5), Posting(doc_id=1121, positions=[237, 450], tf=2), Posting(doc_id=1122, positions=[128, 341], tf=2), Posting(doc_id=1123, positions=[415], tf=1), Posting(doc_id=1195, positions=[3032], tf=1), Posting(doc_id=1261, positions=[119], tf=1), Posting(doc_id=1263, positions=[3030], tf=1), Posting(doc_id=1272, positions=[208], tf=1), Posting(doc_id=1308, positions=[1678, 1960, 1981], tf=3), Posting(doc_id=1329, positions=[3363], tf=1), Posting(doc_id=1353, positions=[640, 641], tf=2), Posting(doc_id=1388, positions=[124], tf=1), Posting(doc_id=1396, positions=[207], tf=1), Posting(doc_id=1398, positions=[336, 408], tf=2), Posting(doc_id=1400, positions=[462, 659], tf=2), Posting(doc_id=1427, positions=[1703, 1985, 2006], tf=3), Posting(doc_id=1428, positions=[3040], tf=1), Posting(doc_id=1459, positions=[1673], tf=1), Posting(doc_id=1466, positions=[336, 408], tf=2), Posting(doc_id=1470, positions=[1694, 1996, 2017], tf=3), Posting(doc_id=1471, positions=[1905, 4242, 5606, 6537, 6993, 7588], tf=6), Posting(doc_id=1525, positions=[1673], tf=1), Posting(doc_id=1561, positions=[1696, 1998, 2019], tf=3), Posting(doc_id=1566, positions=[3165], tf=1), Posting(doc_id=1573, positions=[1902, 4239, 5603, 6534, 6990, 7585], tf=6), Posting(doc_id=1580, positions=[10], tf=1), Posting(doc_id=1586, positions=[1903, 1912], tf=2), Posting(doc_id=1592, positions=[10], tf=1), Posting(doc_id=1595, positions=[1859, 1865, 1870, 1878, 1885, 1893, 1900, 1906, 1913, 1922, 1928, 1936, 1943, 1951, 1959, 1966], tf=16), Posting(doc_id=1615, positions=[623], tf=1), Posting(doc_id=1650, positions=[1673], tf=1), Posting(doc_id=1685, positions=[111, 3039, 3120, 3313], tf=4), Posting(doc_id=1689, positions=[1095], tf=1), Posting(doc_id=1691, positions=[2603, 5352], tf=2), Posting(doc_id=1692, positions=[1701], tf=1), Posting(doc_id=1694, positions=[3042], tf=1), Posting(doc_id=1744, positions=[933], tf=1), Posting(doc_id=1749, positions=[2012, 2066, 2103], tf=3), Posting(doc_id=1776, positions=[1095], tf=1), Posting(doc_id=1778, positions=[2603, 5352], tf=2), Posting(doc_id=1779, positions=[1701], tf=1), Posting(doc_id=1783, positions=[671, 673], tf=2), Posting(doc_id=1784, positions=[3038], tf=1), Posting(doc_id=1842, positions=[671, 673], tf=2), Posting(doc_id=1845, positions=[671, 673], tf=2), Posting(doc_id=1855, positions=[77, 265], tf=2), Posting(doc_id=1953, positions=[671, 673], tf=2), Posting(doc_id=2042, positions=[1200], tf=1), Posting(doc_id=2095, positions=[2012, 2066, 2103], tf=3), Posting(doc_id=2670, positions=[928, 943], tf=2), Posting(doc_id=2794, positions=[299], tf=1), Posting(doc_id=2994, positions=[1284], tf=1), Posting(doc_id=3094, positions=[48, 167, 172, 177, 181, 192, 203, 208, 210, 215, 219, 224, 229, 926, 958, 963, 972, 975, 980, 990, 994, 1000, 1065, 1085, 1090, 1099, 1102, 1107, 1112, 1125, 1130, 1134, 1138, 1143, 1148, 1180, 1186, 1193, 1196, 1201, 1206, 1214, 1219, 1234, 1359], tf=45)]), ('å¤©æ°”', [Posting(doc_id=453, positions=[212], tf=1), Posting(doc_id=454, positions=[1043], tf=1), Posting(doc_id=455, positions=[1090], tf=1), Posting(doc_id=464, positions=[826], tf=1), Posting(doc_id=465, positions=[212], tf=1), Posting(doc_id=466, positions=[1043], tf=1), Posting(doc_id=467, positions=[1090], tf=1), Posting(doc_id=540, positions=[212], tf=1), Posting(doc_id=563, positions=[1090], tf=1), Posting(doc_id=630, positions=[153], tf=1), Posting(doc_id=644, positions=[153], tf=1), Posting(doc_id=738, positions=[1558], tf=1), Posting(doc_id=741, positions=[212], tf=1), Posting(doc_id=747, positions=[212], tf=1), Posting(doc_id=750, positions=[1558], tf=1), Posting(doc_id=833, positions=[152], tf=1), Posting(doc_id=986, positions=[797, 806, 996], tf=3), Posting(doc_id=989, positions=[780], tf=1), Posting(doc_id=1023, positions=[81, 292], tf=2), Posting(doc_id=1024, positions=[415, 433], tf=2), Posting(doc_id=1026, positions=[492, 1358], tf=2), Posting(doc_id=1027, positions=[458], tf=1), Posting(doc_id=1028, positions=[992], tf=1), Posting(doc_id=1041, positions=[50], tf=1), Posting(doc_id=1114, positions=[992], tf=1), Posting(doc_id=1166, positions=[950], tf=1), Posting(doc_id=1184, positions=[262], tf=1), Posting(doc_id=1197, positions=[49], tf=1), Posting(doc_id=1241, positions=[1021], tf=1), Posting(doc_id=1262, positions=[158, 187, 189], tf=3), Posting(doc_id=1270, positions=[212], tf=1), Posting(doc_id=1277, positions=[467], tf=1), Posting(doc_id=1279, positions=[1201], tf=1), Posting(doc_id=1300, positions=[265], tf=1), Posting(doc_id=1307, positions=[51], tf=1), Posting(doc_id=1354, positions=[467], tf=1), Posting(doc_id=1396, positions=[208], tf=1), Posting(doc_id=1398, positions=[53, 181, 409, 411], tf=4), Posting(doc_id=1436, positions=[212], tf=1), Posting(doc_id=1437, positions=[153], tf=1), Posting(doc_id=1452, positions=[49], tf=1), Posting(doc_id=1463, positions=[149], tf=1), Posting(doc_id=1466, positions=[53, 181, 409, 411], tf=4), Posting(doc_id=1471, positions=[2229], tf=1), Posting(doc_id=1473, positions=[53], tf=1), Posting(doc_id=1480, positions=[1558], tf=1), Posting(doc_id=1495, positions=[596], tf=1), Posting(doc_id=1503, positions=[18226, 18454], tf=2), Posting(doc_id=1555, positions=[651], tf=1), Posting(doc_id=1560, positions=[108], tf=1), Posting(doc_id=1569, positions=[50], tf=1), Posting(doc_id=1573, positions=[2226], tf=1), Posting(doc_id=1575, positions=[53], tf=1), Posting(doc_id=1577, positions=[47], tf=1), Posting(doc_id=1578, positions=[159], tf=1), Posting(doc_id=1586, positions=[54], tf=1), Posting(doc_id=1598, positions=[1558], tf=1), Posting(doc_id=1609, positions=[152], tf=1), Posting(doc_id=1679, positions=[93, 553], tf=2), Posting(doc_id=1708, positions=[153], tf=1), Posting(doc_id=1710, positions=[212], tf=1), Posting(doc_id=1747, positions=[1344], tf=1), Posting(doc_id=1792, positions=[212], tf=1), Posting(doc_id=1844, positions=[113], tf=1), Posting(doc_id=1855, positions=[64, 323, 424], tf=3), Posting(doc_id=1861, positions=[320], tf=1), Posting(doc_id=1908, positions=[425, 491], tf=2), Posting(doc_id=1924, positions=[325], tf=1), Posting(doc_id=1950, positions=[142], tf=1), Posting(doc_id=1960, positions=[124, 201], tf=2), Posting(doc_id=1994, positions=[1387], tf=1), Posting(doc_id=1998, positions=[235], tf=1), Posting(doc_id=2005, positions=[56], tf=1), Posting(doc_id=2027, positions=[130], tf=1), Posting(doc_id=2081, positions=[235], tf=1), Posting(doc_id=2091, positions=[1344], tf=1), Posting(doc_id=2111, positions=[130], tf=1), Posting(doc_id=2161, positions=[780], tf=1), Posting(doc_id=2206, positions=[110], tf=1), Posting(doc_id=2346, positions=[213], tf=1), Posting(doc_id=2354, positions=[618, 1208], tf=2), Posting(doc_id=2375, positions=[797, 806, 996], tf=3), Posting(doc_id=2501, positions=[346], tf=1), Posting(doc_id=2529, positions=[863], tf=1), Posting(doc_id=2566, positions=[227], tf=1), Posting(doc_id=2704, positions=[825], tf=1), Posting(doc_id=2712, positions=[650], tf=1), Posting(doc_id=2778, positions=[235], tf=1), Posting(doc_id=2832, positions=[505, 770], tf=2), Posting(doc_id=2896, positions=[206], tf=1), Posting(doc_id=2937, positions=[80, 989, 1107], tf=3), Posting(doc_id=2939, positions=[68], tf=1), Posting(doc_id=3004, positions=[139], tf=1), Posting(doc_id=3055, positions=[878], tf=1), Posting(doc_id=3097, positions=[484], tf=1), Posting(doc_id=3125, positions=[156], tf=1), Posting(doc_id=3133, positions=[692], tf=1), Posting(doc_id=3134, positions=[296, 632], tf=2), Posting(doc_id=3148, positions=[246], tf=1)])]INFO:search_engine:Search completed in 0.210s, found 10 results
INFO:werkzeug:27.47.168.207 - - [09/Aug/2025 00:59:48] "GET /api/search?q=å¹¿å·çš„å¤©æ°”&max_results=20 HTTP/1.1" 200 -
